/etc:
total 1088
drwxr-xr-x. 93 root root   system_u:object_r:etc_t:s0                   8192 Mar 20 06:21 .
dr-xr-xr-x. 19 root root   system_u:object_r:root_t:s0                   246 Mar 20 06:20 ..
-rw-------.  1 root root   system_u:object_r:passwd_file_t:s0              0 Apr 19  2024 .pwd.lock
-rw-r--r--.  1 root root   system_u:object_r:etc_runtime_t:s0            208 Apr 19  2024 .updated
-rw-r--r--.  1 root root   system_u:object_r:etc_t:s0                   4673 Jan 29  2024 DIR_COLORS
-rw-r--r--.  1 root root   system_u:object_r:etc_t:s0                   4755 Jan 29  2024 DIR_COLORS.lightbgcolor
-rw-r--r--.  1 root root   system_u:object_r:etc_t:s0                     94 Aug  9  2021 GREP_COLORS
drwxr-xr-x.  7 root root   system_u:object_r:NetworkManager_etc_t:s0     134 Apr 19  2024 NetworkManager
drwxr-xr-x.  2 root root   system_u:object_r:etc_t:s0                     48 Apr 19  2024 PackageKit
drwxr-xr-x.  5 root root   system_u:object_r:etc_t:s0                     51 Apr 19  2024 X11
-rw-r--r--.  1 root root   system_u:object_r:adjtime_t:s0                 12 Feb  8  2024 adjtime
-rw-r--r--.  1 root root   system_u:object_r:etc_aliases_t:s0           1529 Jun 23  2020 aliases
drwxr-xr-x.  2 root root   system_u:object_r:etc_t:s0                   4096 Apr 19  2024 alternatives
-rw-r--r--.  1 root root   system_u:object_r:etc_t:s0                    541 Nov 30  2023 anacrontab
drwxr-x---.  4 root root   system_u:object_r:auditd_etc_t:s0             100 Apr 19  2024 audit
drwxr-xr-x.  3 root root   system_u:object_r:etc_t:s0                     46 Apr 19  2024 authselect
drwxr-xr-x.  2 root root   system_u:object_r:etc_t:s0                     38 Apr 19  2024 bash_completion.d
-rw-r--r--.  1 root root   system_u:object_r:etc_t:s0                   2658 Feb  7  2024 bashrc
-rw-r--r--.  1 root root   system_u:object_r:etc_t:s0                    535 Mar 21  2024 bindresvport.blacklist
drwxr-xr-x.  2 root root   system_u:object_r:etc_t:s0                      6 Mar 19  2024 binfmt.d
-rw-r--r--.  1 root root   system_u:object_r:etc_t:s0                   1369 Dec  5  2023 chrony.conf
-rw-r-----.  1 root chrony system_u:object_r:chronyd_keys_t:s0           540 Jan 23  2024 chrony.keys
drwxr-xr-x.  2 root root   system_u:object_r:etc_t:s0                     26 Apr 19  2024 cifs-utils
drwxr-xr-x.  4 root root   system_u:object_r:etc_t:s0                     59 Apr 19  2024 cloud
drwxr-xr-x.  4 root root   system_u:object_r:etc_t:s0                     66 Apr 19  2024 cockpit
drwxr-xr-x.  2 root root   system_u:object_r:system_cron_spool_t:s0       21 Apr 19  2024 cron.d
drwxr-xr-x.  2 root root   system_u:object_r:bin_t:s0                      6 Mar 23  2022 cron.daily
-rw-r--r--.  1 root root   system_u:object_r:etc_t:s0                      0 Nov 30  2023 cron.deny
drwxr-xr-x.  2 root root   system_u:object_r:bin_t:s0                     22 Mar 23  2022 cron.hourly
drwxr-xr-x.  2 root root   system_u:object_r:bin_t:s0                      6 Mar 23  2022 cron.monthly
drwxr-xr-x.  2 root root   system_u:object_r:bin_t:s0                      6 Mar 23  2022 cron.weekly
-rw-r--r--.  1 root root   system_u:object_r:system_cron_spool_t:s0      451 Mar 23  2022 crontab
drwxr-xr-x.  6 root root   system_u:object_r:etc_t:s0                     81 Apr 19  2024 crypto-policies
-rw-r--r--.  1 root root   system_u:object_r:etc_t:s0                   1401 Feb  7  2024 csh.cshrc
-rw-r--r--.  1 root root   system_u:object_r:etc_t:s0                   1112 Feb  7  2024 csh.login
drwxr-xr-x.  4 root root   system_u:object_r:dbusd_etc_t:s0               78 Apr 19  2024 dbus-1
drwxr-xr-x.  2 root root   system_u:object_r:etc_t:s0                     33 Apr 19  2024 default
drwxr-xr-x.  2 root root   system_u:object_r:etc_t:s0                     23 Apr 19  2024 depmod.d
drwxr-x---.  3 root root   system_u:object_r:dhcp_etc_t:s0                24 Apr 19  2024 dhcp
drwxr-xr-x.  8 root root   system_u:object_r:etc_t:s0                    128 Apr 19  2024 dnf
-rw-r--r--.  1 root root   system_u:object_r:etc_t:s0                    117 Jan  3  2024 dracut.conf
drwxr-xr-x.  2 root root   system_u:object_r:etc_t:s0                      6 Jan  3  2024 dracut.conf.d
-rw-r--r--.  1 root root   system_u:object_r:etc_t:s0                      0 Feb  7  2024 environment
-rw-r--r--.  1 root root   system_u:object_r:etc_t:s0                   1362 Jun 23  2020 ethertypes
-rw-r--r--.  1 root root   system_u:object_r:exports_t:s0                  0 Jun 23  2020 exports
drwxr-xr-x.  2 root root   system_u:object_r:exports_t:s0                  6 Feb 18  2024 exports.d
lrwxrwxrwx.  1 root root   system_u:object_r:etc_t:s0                     56 May 15  2023 favicon.png -> /usr/share/icons/hicolor/16x16/apps/fedora-logo-icon.png
-rw-r--r--.  1 root root   system_u:object_r:etc_t:s0                     66 Jun 23  2020 filesystems
drwxr-xr-x.  3 root root   system_u:object_r:etc_t:s0                     20 Apr 19  2024 fonts
-rw-r--r--.  1 root root   system_u:object_r:etc_t:s0                    207 Apr 19  2024 fstab
drwxr-xr-x.  4 root root   system_u:object_r:etc_t:s0                     64 Apr 19  2024 fwupd
drwxr-xr-x.  2 root root   system_u:object_r:etc_t:s0                      6 Mar 24  2023 gcrypt
drwxr-xr-x.  2 root root   system_u:object_r:etc_t:s0                      6 Apr 26  2023 gnupg
drwxr-xr-x.  4 root root   system_u:object_r:etc_t:s0                     40 Apr 19  2024 groff
-rw-r--r--.  1 root root   system_u:object_r:passwd_file_t:s0            617 Mar 20 06:21 group
-rw-r--r--.  1 root root   system_u:object_r:passwd_file_t:s0            578 Mar 20 06:20 group-
drwx------.  2 root root   system_u:object_r:etc_t:s0                   4096 Apr 19  2024 grub.d
lrwxrwxrwx.  1 root root   system_u:object_r:etc_t:s0                     22 Feb 22  2024 grub2-efi.cfg -> ../boot/grub2/grub.cfg
lrwxrwxrwx.  1 root root   system_u:object_r:etc_t:s0                     22 Feb 22  2024 grub2.cfg -> ../boot/grub2/grub.cfg
----------.  1 root root   system_u:object_r:shadow_t:s0                 494 Mar 20 06:21 gshadow
----------.  1 root root   system_u:object_r:shadow_t:s0                 459 Mar 20 06:20 gshadow-
drwxr-xr-x.  3 root root   system_u:object_r:etc_t:s0                     20 Apr 19  2024 gss
drwxr-xr-x.  2 root root   system_u:object_r:etc_t:s0                     79 Apr 19  2024 gssproxy
-rw-r--r--.  1 root root   system_u:object_r:etc_t:s0                      9 Jun 23  2020 host.conf
-rw-r--r--.  1 root root   system_u:object_r:hostname_etc_t:s0            48 Mar 20 06:21 hostname
-rw-r--r--.  1 root root   system_u:object_r:net_conf_t:s0               158 Jun 23  2020 hosts
-rw-r--r--.  1 root root   system_u:object_r:etc_t:s0                   5799 Feb 18  2024 idmapd.conf
-rw-r--r--.  1 root root   system_u:object_r:etc_t:s0                    490 Mar 19  2024 inittab
-rw-r--r--.  1 root root   system_u:object_r:etc_t:s0                    943 Jun 23  2020 inputrc
drwxr-xr-x.  2 root root   system_u:object_r:insights_client_etc_t:s0   4096 Mar 20 06:25 insights-client
drwxr-xr-x.  2 root root   system_u:object_r:etc_t:s0                    159 Apr 19  2024 iproute2
-rw-r--r--.  1 root root   system_u:object_r:etc_t:s0                     23 Apr  5  2024 issue
drwxr-xr-x.  2 root root   system_u:object_r:etc_t:s0                     27 Apr 19  2024 issue.d
-rw-r--r--.  1 root root   system_u:object_r:etc_t:s0                     22 Apr  5  2024 issue.net
drwxr-xr-x.  4 root root   system_u:object_r:etc_t:s0                     33 Apr 19  2024 kdump
-rw-r--r--.  1 root root   system_u:object_r:kdump_etc_t:s0             8979 Apr 19  2024 kdump.conf
drwxr-xr-x.  3 root root   system_u:object_r:etc_t:s0                     38 Apr 19  2024 kernel
drwxr-xr-x.  2 root root   system_u:object_r:etc_t:s0                      6 Oct 17  2022 keyutils
-rw-r--r--.  1 root root   system_u:object_r:krb5_conf_t:s0              880 Aug  9  2023 krb5.conf
drwxr-xr-x.  2 root root   system_u:object_r:etc_t:s0                     55 Apr 19  2024 krb5.conf.d
-rw-r--r--.  1 root root   system_u:object_r:ld_so_cache_t:s0          14199 Mar 20 06:20 ld.so.cache
-rw-r--r--.  1 root root   system_u:object_r:etc_t:s0                     28 Aug  2  2021 ld.so.conf
drwxr-xr-x.  2 root root   system_u:object_r:etc_t:s0                      6 Jan 30  2024 ld.so.conf.d
-rw-r-----.  1 root root   system_u:object_r:etc_t:s0                    191 Aug  6  2023 libaudit.conf
drwxr-xr-x.  2 root root   system_u:object_r:etc_t:s0                   4096 Apr 19  2024 libibverbs.d
drwxr-xr-x.  2 root root   system_u:object_r:etc_t:s0                     35 Apr 19  2024 libnl
drwxr-xr-x.  6 root root   system_u:object_r:etc_t:s0                     70 Apr 19  2024 libreport
drwxr-xr-x.  2 root root   system_u:object_r:etc_t:s0                     62 Apr 19  2024 libssh
-rw-r--r--.  1 root root   system_u:object_r:etc_t:s0                   2391 Mar  1  2021 libuser.conf
-rw-r--r--.  1 root root   system_u:object_r:locale_t:s0                  13 Mar 20 06:21 locale.conf
lrwxrwxrwx.  1 root root   system_u:object_r:locale_t:s0                  38 Apr 19  2024 localtime -> ../usr/share/zoneinfo/America/New_York
-rw-r--r--.  1 root root   system_u:object_r:etc_t:s0                   7778 Jul 12  2023 login.defs
-rw-r--r--.  1 root root   system_u:object_r:etc_t:s0                    496 Jun  7  2020 logrotate.conf
drwxr-xr-x.  2 root root   system_u:object_r:etc_t:s0                    149 Apr 19  2024 logrotate.d
-r--r--r--.  1 root root   system_u:object_r:machineid_t:s0               33 Mar 20 06:20 machine-id
-rw-r--r--.  1 root root   system_u:object_r:etc_t:s0                    111 Nov 29  2023 magic
-rw-r--r--.  1 root root   system_u:object_r:etc_t:s0                   5122 Jan 30  2024 makedumpfile.conf.sample
-rw-r--r--.  1 root root   system_u:object_r:etc_t:s0                   5235 Sep 20  2022 man_db.conf
drwxr-xr-x.  3 root root   system_u:object_r:etc_t:s0                     32 Apr 19  2024 microcode_ctl
-rw-r--r--.  1 root root   system_u:object_r:etc_t:s0                   1208 Dec 13  2023 mke2fs.conf
drwxr-xr-x.  2 root root   system_u:object_r:modules_conf_t:s0            42 Apr 19  2024 modprobe.d
drwxr-xr-x.  2 root root   system_u:object_r:etc_t:s0                      6 Mar 19  2024 modules-load.d
-rw-r--r--.  1 root root   system_u:object_r:etc_t:s0                      0 Jun 23  2020 motd
drwxr-xr-x.  2 root root   system_u:object_r:etc_t:s0                     44 Mar 20 06:25 motd.d
lrwxrwxrwx.  1 root root   system_u:object_r:etc_t:s0                     19 Apr 19  2024 mtab -> ../proc/self/mounts
-rw-r--r--.  1 root root   system_u:object_r:etc_t:s0                    767 Mar 21  2024 netconfig
-rw-r--r--.  1 root root   system_u:object_r:etc_t:s0                     58 Jun 23  2020 networks
-rw-r--r--.  1 root root   system_u:object_r:etc_t:s0                   1468 Feb 18  2024 nfs.conf
-rw-r--r--.  1 root root   system_u:object_r:etc_t:s0                   3604 Feb 18  2024 nfsmount.conf
-rw-r--r--.  1 root root   system_u:object_r:etc_t:s0                   2124 Apr 19  2024 nsswitch.conf
-rw-r--r--.  1 root root   system_u:object_r:etc_t:s0                   2108 Jan 30  2024 nsswitch.conf.bak
drwxr-xr-x.  2 root root   system_u:object_r:etc_t:s0                      6 Dec  9  2022 oddjob
-rw-r--r--.  1 root root   system_u:object_r:etc_t:s0                   4922 Dec  9  2022 oddjobd.conf
drwxr-xr-x.  2 root root   system_u:object_r:etc_t:s0                     70 Apr 19  2024 oddjobd.conf.d
drwxr-xr-x.  3 root root   system_u:object_r:etc_t:s0                     36 Apr 19  2024 openldap
drwxr-xr-x.  2 root root   system_u:object_r:etc_t:s0                      6 Aug  9  2021 opt
lrwxrwxrwx.  1 root root   system_u:object_r:etc_t:s0                     21 Apr  5  2024 os-release -> ../usr/lib/os-release
drwxr-xr-x.  2 root root   system_u:object_r:etc_t:s0                   4096 Apr 19  2024 pam.d
-rw-r--r--.  1 root root   system_u:object_r:passwd_file_t:s0           1409 Mar 20 06:21 passwd
-rw-r--r--.  1 root root   system_u:object_r:passwd_file_t:s0           1409 Mar 20 06:21 passwd-
drwxr-xr-x.  3 root root   system_u:object_r:etc_t:s0                     21 Apr 19  2024 pkcs11
drwxr-xr-x. 14 root root   system_u:object_r:cert_t:s0                  4096 Mar 20 06:25 pki
drwxr-xr-x.  5 root root   system_u:object_r:etc_t:s0                     52 Apr 19  2024 pm
drwxr-xr-x.  5 root root   system_u:object_r:etc_t:s0                     72 Apr 19  2024 polkit-1
drwxr-xr-x.  2 root root   system_u:object_r:etc_t:s0                      6 Aug 10  2021 popt.d
-rw-r--r--.  1 root root   system_u:object_r:cupsd_rw_etc_t:s0           233 Jun 23  2020 printcap
-rw-r--r--.  1 root root   system_u:object_r:etc_t:s0                   1899 Feb  7  2024 profile
drwxr-xr-x.  2 root root   system_u:object_r:bin_t:s0                   4096 Apr 19  2024 profile.d
-rw-r--r--.  1 root root   system_u:object_r:etc_t:s0                   6568 Jun 23  2020 protocols
drwxr-xr-x.  3 root root   system_u:object_r:etc_t:s0                     50 Apr 19  2024 qemu-ga
drwxr-xr-x.  3 root root   system_u:object_r:etc_t:s0                     36 Apr 19  2024 rc.d
lrwxrwxrwx.  1 root root   system_u:object_r:etc_t:s0                     13 Mar 19  2024 rc.local -> rc.d/rc.local
-rw-r--r--.  1 root root   system_u:object_r:etc_t:s0                     44 Apr  5  2024 redhat-release
-rw-r--r--.  1 root root   system_u:object_r:etc_t:s0                   1787 Oct 17  2022 request-key.conf
drwxr-xr-x.  2 root root   system_u:object_r:etc_t:s0                     30 Apr 19  2024 request-key.d
-rw-r--r--.  1 root root   system_u:object_r:net_conf_t:s0               100 Mar 20 06:21 resolv.conf
drwxr-xr-x.  3 root root   system_u:object_r:etc_t:s0                     40 Apr 19  2024 rhc
drwxr-xr-x.  6 root root   system_u:object_r:rhsmcertd_config_t:s0        84 Mar 20 06:25 rhsm
-rw-r--r--.  1 root root   system_u:object_r:etc_t:s0                   1634 Aug  1  2021 rpc
drwxr-xr-x.  2 root root   system_u:object_r:etc_t:s0                      6 Dec 13  2023 rpm
-rw-r--r--.  1 root root   system_u:object_r:rsync_etc_t:s0              458 Nov  2  2022 rsyncd.conf
-rw-r--r--.  1 root root   system_u:object_r:syslog_conf_t:s0           3380 Jan  8  2024 rsyslog.conf
drwxr-xr-x.  2 root root   system_u:object_r:syslog_conf_t:s0             31 Apr 19  2024 rsyslog.d
drwxr-xr-x.  2 root root   system_u:object_r:etc_t:s0                     51 Apr 19  2024 rwtab.d
drwxr-xr-x.  2 root root   system_u:object_r:etc_t:s0                      6 Sep 12  2022 sasl2
drwxr-xr-x.  7 root root   system_u:object_r:etc_t:s0                   4096 Apr 19  2024 security
drwxr-xr-x.  3 root root   system_u:object_r:selinux_config_t:s0          57 Apr 19  2024 selinux
-rw-r--r--.  1 root root   system_u:object_r:etc_t:s0                 692252 Jun 23  2020 services
-rw-r--r--.  1 root root   system_u:object_r:etc_t:s0                    216 Feb 19  2024 sestatus.conf
drwxr-xr-x.  2 root root   system_u:object_r:etc_t:s0                     33 Apr 19  2024 setroubleshoot
----------.  1 root root   system_u:object_r:shadow_t:s0                 697 Mar 20 06:21 shadow
----------.  1 root root   system_u:object_r:shadow_t:s0                 697 Mar 20 06:21 shadow-
-rw-r--r--.  1 root root   system_u:object_r:etc_t:s0                     44 Jun 23  2020 shells
drwxr-xr-x.  2 root root   system_u:object_r:etc_t:s0                     62 Apr 19  2024 skel
drwxr-xr-x.  6 root root   system_u:object_r:etc_t:s0                     86 Apr 19  2024 sos
drwxr-xr-x.  4 root root   system_u:object_r:etc_t:s0                   4096 Mar 20 06:21 ssh
drwxr-xr-x.  2 root root   system_u:object_r:cert_t:s0                    77 Apr 19  2024 ssl
drwx------.  4 sssd sssd   system_u:object_r:sssd_conf_t:s0               31 Apr 19  2024 sssd
drwxr-xr-x.  2 root root   system_u:object_r:etc_t:s0                      6 Aug  9  2021 statetab.d
-rw-r--r--.  1 root root   system_u:object_r:etc_t:s0                     24 Mar 20 06:21 subgid
-rw-r--r--.  1 root root   system_u:object_r:etc_t:s0                      0 Jun 23  2020 subgid-
-rw-r--r--.  1 root root   system_u:object_r:etc_t:s0                     24 Mar 20 06:21 subuid
-rw-r--r--.  1 root root   system_u:object_r:etc_t:s0                      0 Jun 23  2020 subuid-
-rw-r-----.  1 root root   system_u:object_r:etc_t:s0                   3181 Jan 24  2024 sudo-ldap.conf
-rw-r-----.  1 root root   system_u:object_r:etc_t:s0                   3983 Jan 24  2024 sudo.conf
-r--r-----.  1 root root   system_u:object_r:etc_t:s0                   4328 Jan 24  2024 sudoers
drwxr-x---.  2 root root   system_u:object_r:etc_t:s0                     33 Mar 20 06:21 sudoers.d
drwxr-xr-x.  3 root root   system_u:object_r:etc_t:s0                     24 Apr 19  2024 swid
drwxr-xr-x.  3 root root   system_u:object_r:etc_t:s0                   4096 Apr 19  2024 sysconfig
-rw-r--r--.  1 root root   system_u:object_r:system_conf_t:s0            449 Mar 19  2024 sysctl.conf
drwxr-xr-x.  2 root root   system_u:object_r:etc_t:s0                     28 Apr 19  2024 sysctl.d
lrwxrwxrwx.  1 root root   system_u:object_r:etc_t:s0                     14 Apr  5  2024 system-release -> redhat-release
-rw-r--r--.  1 root root   system_u:object_r:etc_t:s0                     41 Apr  5  2024 system-release-cpe
drwxr-xr-x.  4 root root   system_u:object_r:etc_t:s0                    166 Apr 19  2024 systemd
drwxr-xr-x.  2 root root   system_u:object_r:etc_t:s0                      6 Aug 21  2023 terminfo
drwxr-xr-x.  2 root root   system_u:object_r:etc_t:s0                     22 Apr 19  2024 tmpfiles.d
drwxr-xr-x.  3 root root   system_u:object_r:etc_t:s0                     51 Apr 19  2024 tpm2-tss
drwxr-xr-x.  3 root root   system_u:object_r:tuned_etc_t:s0              136 Apr 19  2024 tuned
drwxr-xr-x.  4 root root   system_u:object_r:etc_t:s0                     68 Mar 20 06:20 udev
-rw-r--r--.  1 root root   system_u:object_r:etc_t:s0                   1184 Feb  9  2023 virc
-rw-r--r--.  1 root root   system_u:object_r:etc_t:s0                    817 Aug  9  2021 xattr.conf
drwxr-xr-x.  4 root root   system_u:object_r:etc_t:s0                     38 Apr 19  2024 xdg
drwxr-xr-x.  2 root root   system_u:object_r:etc_t:s0                     57 Apr 19  2024 yum
lrwxrwxrwx.  1 root root   system_u:object_r:etc_t:s0                     12 Oct 26  2023 yum.conf -> dnf/dnf.conf
drwxr-xr-x.  2 root root   system_u:object_r:system_conf_t:s0             25 Mar 20 06:25 yum.repos.d

/var/lib/rsyslog:
total 8
drwx------.  2 root root system_u:object_r:syslogd_var_lib_t:s0   29 Mar 20 06:25 .
drwxr-xr-x. 32 root root system_u:object_r:var_lib_t:s0         4096 Mar 20 06:20 ..
-rw-------.  1 root root system_u:object_r:syslogd_var_lib_t:s0  121 Mar 20 06:25 imjournal.state

/var/log:
total 648
drwxr-xr-x. 10 root   root   system_u:object_r:var_log_t:s0                   4096 Mar 20 06:25 .
drwxr-xr-x. 19 root   root   system_u:object_r:var_t:s0                       4096 Mar 20 06:20 ..
lrwxrwxrwx.  1 root   root   system_u:object_r:var_log_t:s0                     39 Apr 19  2024 README -> ../../usr/share/doc/systemd/README.logs
drwx------.  2 root   root   system_u:object_r:auditd_log_t:s0                  23 Mar 20 06:20 audit
-rw-rw----.  1 root   utmp   system_u:object_r:faillog_t:s0                      0 Apr 19  2024 btmp
drwxr-x---.  2 chrony chrony system_u:object_r:chronyd_var_log_t:s0              6 Jan 23  2024 chrony
-rw-r-----.  1 root   adm    system_u:object_r:cloud_log_t:s0                 4400 Mar 20 06:21 cloud-init-output.log
-rw-r-----.  1 root   root   system_u:object_r:cloud_log_t:s0               132088 Mar 20 06:21 cloud-init.log
-rw-------.  1 root   root   system_u:object_r:cron_log_t:s0                   496 Mar 20 06:21 cron
-rw-r--r--.  1 root   root   unconfined_u:object_r:rpm_log_t:s0                464 Mar 20 06:26 dnf.librepo.log
-rw-r--r--.  1 root   root   unconfined_u:object_r:rpm_log_t:s0               1383 Mar 20 06:26 dnf.log
-rw-r--r--.  1 root   root   unconfined_u:object_r:rpm_log_t:s0                116 Mar 20 06:26 dnf.rpm.log
-rw-r--r--.  1 root   root   system_u:object_r:rpm_log_t:s0                    180 Mar 20 06:26 hawkey.log
drwx------.  2 root   root   system_u:object_r:insights_client_var_log_t:s0     33 Mar 20 06:25 insights-client
-rw-------.  1 root   root   system_u:object_r:var_log_t:s0                    705 Mar 20 06:21 kdump.log
-rw-rw-r--.  1 root   utmp   system_u:object_r:lastlog_t:s0                 292292 Mar 20 06:24 lastlog
-rw-------.  1 root   root   system_u:object_r:var_log_t:s0                      0 Apr 19  2024 maillog
-rw-------.  1 root   root   system_u:object_r:var_log_t:s0                 212063 Mar 20 06:26 messages
drwx------.  2 root   root   system_u:object_r:var_log_t:s0                      6 Apr 19  2024 private
drwxr-xr-x.  2 root   root   system_u:object_r:virt_qemu_ga_log_t:s0             6 Mar 26  2024 qemu-ga
drwxr-xr-x.  2 root   root   system_u:object_r:rhsmcertd_log_t:s0               43 Mar 20 06:25 rhsm
-rw-------.  1 root   root   system_u:object_r:var_log_t:s0                   2871 Mar 20 06:24 secure
-rw-------.  1 root   root   system_u:object_r:var_log_t:s0                      0 Apr 19  2024 spooler
drwxr-x---.  2 sssd   sssd   system_u:object_r:sssd_var_log_t:s0                 6 Feb 12  2024 sssd
-rw-------.  1 root   root   system_u:object_r:faillog_t:s0                      0 Apr 19  2024 tallylog
drwxr-xr-x.  2 root   root   system_u:object_r:tuned_log_t:s0                   23 Mar 20 06:21 tuned
-rw-rw-r--.  1 root   utmp   system_u:object_r:wtmp_t:s0                      2688 Mar 20 06:24 wtmp